<?xml version="1.0" encoding="UTF-8"?>
<coverage generated="1649163481464" clover="3.2.0">
  <project timestamp="1649163481465" name="All files">
    <metrics statements="13" coveredstatements="10" conditionals="4" coveredconditionals="3" methods="4" coveredmethods="3" elements="21" coveredelements="16" complexity="0" loc="13" ncloc="13" packages="1" files="1" classes="1"/>
    <file name="button.vue" path="E:\学习记录\vue3组件封装\w-ui\src\packages\button\button.vue">
      <metrics statements="13" coveredstatements="10" conditionals="4" coveredconditionals="3" methods="4" coveredmethods="3"/>
      <line num="18" count="1" type="stmt"/>
      <line num="20" count="1" type="stmt"/>
      <line num="44" count="12" type="stmt"/>
      <line num="45" count="12" type="stmt"/>
      <line num="47" count="12" type="stmt"/>
      <line num="48" count="12" type="stmt"/>
      <line num="50" count="12" type="stmt"/>
      <line num="51" count="0" type="stmt"/>
      <line num="52" count="0" type="stmt"/>
      <line num="54" count="12" type="cond" truecount="1" falsecount="1"/>
      <line num="55" count="12" type="stmt"/>
      <line num="57" count="0" type="stmt"/>
      <line num="59" count="12" type="stmt"/>
    </file>
  </project>
</coverage>
