<?xml version="1.0" encoding="UTF-8"?>
<coverage generated="1649149219506" clover="3.2.0">
  <project timestamp="1649149219506" name="All files">
    <metrics statements="7" coveredstatements="7" conditionals="2" coveredconditionals="2" methods="3" coveredmethods="3" elements="12" coveredelements="12" complexity="0" loc="7" ncloc="7" packages="1" files="1" classes="1"/>
    <file name="button.vue" path="E:\学习记录\vue3组件封装\w-ui\src\packages\button\button.vue">
      <metrics statements="7" coveredstatements="7" conditionals="2" coveredconditionals="2" methods="3" coveredmethods="3"/>
      <line num="16" count="1" type="stmt"/>
      <line num="18" count="1" type="stmt"/>
      <line num="42" count="12" type="stmt"/>
      <line num="43" count="12" type="stmt"/>
      <line num="45" count="12" type="stmt"/>
      <line num="46" count="12" type="stmt"/>
      <line num="49" count="12" type="stmt"/>
    </file>
  </project>
</coverage>
