{"E:\\学习记录\\vue3组件封装\\w-ui\\src\\packages\\button\\button.vue": {"path":"E:\\学习记录\\vue3组件封装\\w-ui\\src\\packages\\button\\button.vue","statementMap":{"0":{"start":{"line":18,"column":1},"end":{"line":18,"column":16}},"1":{"start":{"line":20,"column":0},"end":{"line":20,"column":null}},"2":{"start":{"line":18,"column":21},"end":{"line":18,"column":22}},"3":{"start":{"line":44,"column":23},"end":{"line":44,"column":32}},"4":{"start":{"line":45,"column":2},"end":{"line":45,"column":9}},"5":{"start":{"line":47,"column":19},"end":{"line":47,"column":28}},"6":{"start":{"line":48,"column":2},"end":{"line":48,"column":9}},"7":{"start":{"line":50,"column":11},"end":{"line":53,"column":null}},"8":{"start":{"line":51,"column":2},"end":{"line":51,"column":9}},"9":{"start":{"line":52,"column":2},"end":{"line":52,"column":9}},"10":{"start":{"line":54,"column":0},"end":{"line":58,"column":null}},"11":{"start":{"line":55,"column":2},"end":{"line":55,"column":9}},"12":{"start":{"line":57,"column":2},"end":{"line":57,"column":9}},"13":{"start":{"line":59,"column":15},"end":{"line":59,"column":24}},"14":{"start":{"line":59,"column":30},"end":{"line":59,"column":null}}},"fnMap":{"0":{"name":"(anonymous_3)","decl":{"start":{"line":44,"column":32},"end":{"line":44,"column":null}},"loc":{"start":{"line":44,"column":32},"end":{"line":46,"column":null}}},"1":{"name":"(anonymous_4)","decl":{"start":{"line":47,"column":28},"end":{"line":47,"column":null}},"loc":{"start":{"line":47,"column":28},"end":{"line":49,"column":null}}},"2":{"name":"(anonymous_5)","decl":{"start":{"line":50,"column":11},"end":{"line":50,"column":null}},"loc":{"start":{"line":50,"column":11},"end":{"line":53,"column":null}}},"3":{"name":"(anonymous_6)","decl":{"start":{"line":59,"column":24},"end":{"line":59,"column":30}},"loc":{"start":{"line":59,"column":24},"end":{"line":70,"column":null}}}},"branchMap":{"0":{"loc":{"start":{"line":54,"column":0},"end":{"line":58,"column":null}},"type":"if","locations":[{"start":{"line":54,"column":0},"end":{"line":58,"column":null}},{"start":{"line":56,"column":7},"end":{"line":58,"column":null}}]},"1":{"loc":{"start":{"line":62,"column":2},"end":{"line":62,"column":null}},"type":"cond-expr","locations":[{"start":{"line":62,"column":21},"end":{"line":62,"column":55}},{"start":{"line":62,"column":55},"end":{"line":62,"column":null}}]}},"s":{"0":1,"1":1,"2":1,"3":12,"4":12,"5":12,"6":12,"7":12,"8":0,"9":0,"10":12,"11":12,"12":0,"13":12,"14":12},"f":{"0":12,"1":12,"2":0,"3":12},"b":{"0":[12,0],"1":[1,11]}}
}
