{"E:\\学习记录\\vue3组件封装\\w-ui\\src\\packages\\button\\button.vue": {"path":"E:\\学习记录\\vue3组件封装\\w-ui\\src\\packages\\button\\button.vue","statementMap":{"0":{"start":{"line":16,"column":1},"end":{"line":16,"column":16}},"1":{"start":{"line":18,"column":0},"end":{"line":18,"column":null}},"2":{"start":{"line":16,"column":21},"end":{"line":16,"column":22}},"3":{"start":{"line":42,"column":23},"end":{"line":42,"column":32}},"4":{"start":{"line":43,"column":2},"end":{"line":43,"column":9}},"5":{"start":{"line":45,"column":19},"end":{"line":45,"column":28}},"6":{"start":{"line":46,"column":2},"end":{"line":46,"column":9}},"7":{"start":{"line":48,"column":11},"end":{"line":48,"column":null}},"8":{"start":{"line":49,"column":15},"end":{"line":49,"column":24}},"9":{"start":{"line":49,"column":30},"end":{"line":49,"column":null}}},"fnMap":{"0":{"name":"(anonymous_3)","decl":{"start":{"line":42,"column":32},"end":{"line":42,"column":null}},"loc":{"start":{"line":42,"column":32},"end":{"line":44,"column":null}}},"1":{"name":"(anonymous_4)","decl":{"start":{"line":45,"column":28},"end":{"line":45,"column":null}},"loc":{"start":{"line":45,"column":28},"end":{"line":47,"column":null}}},"2":{"name":"(anonymous_5)","decl":{"start":{"line":48,"column":11},"end":{"line":48,"column":25}},"loc":{"start":{"line":48,"column":11},"end":{"line":48,"column":null}}},"3":{"name":"(anonymous_6)","decl":{"start":{"line":49,"column":24},"end":{"line":49,"column":30}},"loc":{"start":{"line":49,"column":24},"end":{"line":60,"column":null}}}},"branchMap":{"0":{"loc":{"start":{"line":52,"column":2},"end":{"line":52,"column":null}},"type":"cond-expr","locations":[{"start":{"line":52,"column":21},"end":{"line":52,"column":55}},{"start":{"line":52,"column":55},"end":{"line":52,"column":null}}]}},"s":{"0":1,"1":1,"2":1,"3":12,"4":12,"5":12,"6":12,"7":12,"8":12,"9":12},"f":{"0":12,"1":12,"2":0,"3":12},"b":{"0":[1,11]}}
}
